2022-11-21T10:11:03.750Z	[34mINFO[0m	Detected OS: redhat
2022-11-21T10:11:03.750Z	[34mINFO[0m	Detecting RHEL/CentOS vulnerabilities...
2022-11-21T10:11:03.758Z	[34mINFO[0m	Number of PL dependency files: 59
2022-11-21T10:11:03.758Z	[34mINFO[0m	Detecting jar vulnerabilities...

registry.redhat.io/ubi8/openjdk-11:1.14-6.1666624581 (redhat 8.6)
=================================================================
Total: 3 (CRITICAL: 3)

+------------------------+------------------+----------+-------------------+---------------+-----------------------------------------+
|        LIBRARY         | VULNERABILITY ID | SEVERITY | INSTALLED VERSION | FIXED VERSION |                  TITLE                  |
+------------------------+------------------+----------+-------------------+---------------+-----------------------------------------+
| glibc                  | CVE-2019-1010022 | CRITICAL | 2.28-189.5.el8_6  |               | glibc: stack guard protection bypass    |
|                        |                  |          |                   |               | -->avd.aquasec.com/nvd/cve-2019-1010022 |
+------------------------+                  +          +                   +---------------+                                         +
| glibc-common           |                  |          |                   |               |                                         |
|                        |                  |          |                   |               |                                         |
+------------------------+                  +          +                   +---------------+                                         +
| glibc-minimal-langpack |                  |          |                   |               |                                         |
|                        |                  |          |                   |               |                                         |
+------------------------+------------------+----------+-------------------+---------------+-----------------------------------------+

usr/share/java/maven-shared-utils/maven-shared-utils.jar
========================================================
Total: 1 (CRITICAL: 1)

+--------------------------------------------+------------------+----------+-------------------+---------------+---------------------------------------+
|                  LIBRARY                   | VULNERABILITY ID | SEVERITY | INSTALLED VERSION | FIXED VERSION |                 TITLE                 |
+--------------------------------------------+------------------+----------+-------------------+---------------+---------------------------------------+
| org.apache.maven.shared:maven-shared-utils | CVE-2022-29599   | CRITICAL | 3.2.1             | 3.3.3         | maven-shared-utils: Command           |
|                                            |                  |          |                   |               | injection via Commandline class       |
|                                            |                  |          |                   |               | -->avd.aquasec.com/nvd/cve-2022-29599 |
+--------------------------------------------+------------------+----------+-------------------+---------------+---------------------------------------+
