2022-11-21T12:44:54.401Z	[34mINFO[0m	Detected OS: redhat
2022-11-21T12:44:54.401Z	[34mINFO[0m	Detecting RHEL/CentOS vulnerabilities...
2022-11-21T12:44:54.402Z	[34mINFO[0m	Number of PL dependency files: 0

registry.redhat.io/ubi8/ubi-micro (redhat 8.7)
==============================================
Total: 14 (UNKNOWN: 0, LOW: 7, MEDIUM: 4, HIGH: 0, CRITICAL: 3)

+------------------------+------------------+----------+--------------------+---------------+-----------------------------------------+
|        LIBRARY         | VULNERABILITY ID | SEVERITY | INSTALLED VERSION  | FIXED VERSION |                  TITLE                  |
+------------------------+------------------+----------+--------------------+---------------+-----------------------------------------+
| bash                   | CVE-2022-3715    | MEDIUM   | 4.4.20-4.el8_6     |               | bash: a heap-buffer-overflow            |
|                        |                  |          |                    |               | in valid_parameter_transform            |
|                        |                  |          |                    |               | -->avd.aquasec.com/nvd/cve-2022-3715    |
+------------------------+------------------+----------+--------------------+---------------+-----------------------------------------+
| glibc                  | CVE-2019-1010022 | CRITICAL | 2.28-211.el8       |               | glibc: stack guard protection bypass    |
|                        |                  |          |                    |               | -->avd.aquasec.com/nvd/cve-2019-1010022 |
+------------------------+                  +          +                    +---------------+                                         +
| glibc-common           |                  |          |                    |               |                                         |
|                        |                  |          |                    |               |                                         |
+------------------------+                  +          +                    +---------------+                                         +
| glibc-minimal-langpack |                  |          |                    |               |                                         |
|                        |                  |          |                    |               |                                         |
+------------------------+------------------+----------+--------------------+---------------+-----------------------------------------+
| libgcc                 | CVE-2021-42694   | MEDIUM   | 8.5.0-15.el8       |               | Developer environment:                  |
|                        |                  |          |                    |               | Homoglyph characters can                |
|                        |                  |          |                    |               | lead to trojan source attack            |
|                        |                  |          |                    |               | -->avd.aquasec.com/nvd/cve-2021-42694   |
+                        +------------------+----------+                    +---------------+-----------------------------------------+
|                        | CVE-2018-20657   | LOW      |                    |               | libiberty: Memory leak in               |
|                        |                  |          |                    |               | demangle_template function              |
|                        |                  |          |                    |               | resulting in a denial of service...     |
|                        |                  |          |                    |               | -->avd.aquasec.com/nvd/cve-2018-20657   |
+                        +------------------+          +                    +---------------+-----------------------------------------+
|                        | CVE-2019-14250   |          |                    |               | binutils: integer overflow in           |
|                        |                  |          |                    |               | simple-object-elf.c leads to            |
|                        |                  |          |                    |               | a heap-based buffer overflow            |
|                        |                  |          |                    |               | -->avd.aquasec.com/nvd/cve-2019-14250   |
+                        +------------------+          +                    +---------------+-----------------------------------------+
|                        | CVE-2022-27943   |          |                    |               | binutils: libiberty/rust-demangle.c     |
|                        |                  |          |                    |               | in GNU GCC 11.2 allows stack            |
|                        |                  |          |                    |               | exhaustion in demangle_const            |
|                        |                  |          |                    |               | -->avd.aquasec.com/nvd/cve-2022-27943   |
+------------------------+------------------+----------+--------------------+---------------+-----------------------------------------+
| ncurses-base           | CVE-2021-39537   | MEDIUM   | 6.1-9.20180224.el8 |               | ncurses: heap-based buffer overflow     |
|                        |                  |          |                    |               | in _nc_captoinfo() in captoinfo.c       |
|                        |                  |          |                    |               | -->avd.aquasec.com/nvd/cve-2021-39537   |
+                        +------------------+----------+                    +---------------+-----------------------------------------+
|                        | CVE-2018-19211   | LOW      |                    |               | ncurses: Null pointer                   |
|                        |                  |          |                    |               | dereference at function                 |
|                        |                  |          |                    |               | _nc_parse_entry in parse_entry.c        |
|                        |                  |          |                    |               | -->avd.aquasec.com/nvd/cve-2018-19211   |
+                        +------------------+          +                    +---------------+-----------------------------------------+
|                        | CVE-2018-19217   |          |                    |               | ncurses: Null pointer dereference       |
|                        |                  |          |                    |               | at function _nc_name_match              |
|                        |                  |          |                    |               | -->avd.aquasec.com/nvd/cve-2018-19217   |
+------------------------+------------------+----------+                    +---------------+-----------------------------------------+
| ncurses-libs           | CVE-2021-39537   | MEDIUM   |                    |               | ncurses: heap-based buffer overflow     |
|                        |                  |          |                    |               | in _nc_captoinfo() in captoinfo.c       |
|                        |                  |          |                    |               | -->avd.aquasec.com/nvd/cve-2021-39537   |
+                        +------------------+----------+                    +---------------+-----------------------------------------+
|                        | CVE-2018-19211   | LOW      |                    |               | ncurses: Null pointer                   |
|                        |                  |          |                    |               | dereference at function                 |
|                        |                  |          |                    |               | _nc_parse_entry in parse_entry.c        |
|                        |                  |          |                    |               | -->avd.aquasec.com/nvd/cve-2018-19211   |
+                        +------------------+          +                    +---------------+-----------------------------------------+
|                        | CVE-2018-19217   |          |                    |               | ncurses: Null pointer dereference       |
|                        |                  |          |                    |               | at function _nc_name_match              |
|                        |                  |          |                    |               | -->avd.aquasec.com/nvd/cve-2018-19217   |
+------------------------+------------------+----------+--------------------+---------------+-----------------------------------------+
