2022-11-21T12:43:23.915Z	[34mINFO[0m	Need to update DB
2022-11-21T12:43:23.915Z	[34mINFO[0m	Downloading DB...
2022-11-21T12:43:29.070Z	[34mINFO[0m	Detected OS: redhat
2022-11-21T12:43:29.070Z	[34mINFO[0m	Detecting RHEL/CentOS vulnerabilities...
2022-11-21T12:43:29.074Z	[34mINFO[0m	Number of PL dependency files: 0

registry.redhat.io/ubi8-minimal (redhat 8.7)
============================================
Total: 3 (CRITICAL: 3)

+------------------------+------------------+----------+-------------------+---------------+-----------------------------------------+
|        LIBRARY         | VULNERABILITY ID | SEVERITY | INSTALLED VERSION | FIXED VERSION |                  TITLE                  |
+------------------------+------------------+----------+-------------------+---------------+-----------------------------------------+
| glibc                  | CVE-2019-1010022 | CRITICAL | 2.28-211.el8      |               | glibc: stack guard protection bypass    |
|                        |                  |          |                   |               | -->avd.aquasec.com/nvd/cve-2019-1010022 |
+------------------------+                  +          +                   +---------------+                                         +
| glibc-common           |                  |          |                   |               |                                         |
|                        |                  |          |                   |               |                                         |
+------------------------+                  +          +                   +---------------+                                         +
| glibc-minimal-langpack |                  |          |                   |               |                                         |
|                        |                  |          |                   |               |                                         |
+------------------------+------------------+----------+-------------------+---------------+-----------------------------------------+
