2022-11-21T12:42:04.961Z	[34mINFO[0m	Detected OS: redhat
2022-11-21T12:42:04.961Z	[34mINFO[0m	Detecting RHEL/CentOS vulnerabilities...
2022-11-21T12:42:04.964Z	[34mINFO[0m	Number of PL dependency files: 0

registry.redhat.io/ubi8-minimal (redhat 8.7)
============================================
Total: 55 (UNKNOWN: 0, LOW: 29, MEDIUM: 23, HIGH: 0, CRITICAL: 3)

+------------------------+------------------+----------+--------------------+---------------+-----------------------------------------+
|        LIBRARY         | VULNERABILITY ID | SEVERITY | INSTALLED VERSION  | FIXED VERSION |                  TITLE                  |
+------------------------+------------------+----------+--------------------+---------------+-----------------------------------------+
| bash                   | CVE-2022-3715    | MEDIUM   | 4.4.20-4.el8_6     |               | bash: a heap-buffer-overflow            |
|                        |                  |          |                    |               | in valid_parameter_transform            |
|                        |                  |          |                    |               | -->avd.aquasec.com/nvd/cve-2022-3715    |
+------------------------+------------------+----------+--------------------+---------------+-----------------------------------------+
| bzip2-libs             | CVE-2019-12900   | LOW      | 1.0.6-26.el8       |               | bzip2: out-of-bounds write              |
|                        |                  |          |                    |               | in function BZ2_decompress              |
|                        |                  |          |                    |               | -->avd.aquasec.com/nvd/cve-2019-12900   |
+------------------------+------------------+          +--------------------+---------------+-----------------------------------------+
| curl                   | CVE-2022-35252   |          | 7.61.1-25.el8      |               | curl: control code in                   |
|                        |                  |          |                    |               | cookie denial of service                |
|                        |                  |          |                    |               | -->avd.aquasec.com/nvd/cve-2022-35252   |
+------------------------+------------------+          +--------------------+---------------+-----------------------------------------+
| file-libs              | CVE-2019-8905    |          | 5.33-21.el8        |               | file: stack-based buffer over-read      |
|                        |                  |          |                    |               | in do_core_note in readelf.c            |
|                        |                  |          |                    |               | -->avd.aquasec.com/nvd/cve-2019-8905    |
+                        +------------------+          +                    +---------------+-----------------------------------------+
|                        | CVE-2019-8906    |          |                    |               | file: out-of-bounds read in             |
|                        |                  |          |                    |               | do_core_note in readelf.c               |
|                        |                  |          |                    |               | -->avd.aquasec.com/nvd/cve-2019-8906    |
+------------------------+------------------+          +--------------------+---------------+-----------------------------------------+
| glib2                  | CVE-2018-16428   |          | 2.56.4-159.el8     |               | glib2: NULL pointer dereference in      |
|                        |                  |          |                    |               | g_markup_parse_context_end_parse()      |
|                        |                  |          |                    |               | function in gmarkup.c                   |
|                        |                  |          |                    |               | -->avd.aquasec.com/nvd/cve-2018-16428   |
+------------------------+------------------+----------+--------------------+---------------+-----------------------------------------+
| glibc                  | CVE-2019-1010022 | CRITICAL | 2.28-211.el8       |               | glibc: stack guard protection bypass    |
|                        |                  |          |                    |               | -->avd.aquasec.com/nvd/cve-2019-1010022 |
+------------------------+                  +          +                    +---------------+                                         +
| glibc-common           |                  |          |                    |               |                                         |
|                        |                  |          |                    |               |                                         |
+------------------------+                  +          +                    +---------------+                                         +
| glibc-minimal-langpack |                  |          |                    |               |                                         |
|                        |                  |          |                    |               |                                         |
+------------------------+------------------+----------+--------------------+---------------+-----------------------------------------+
| gmp                    | CVE-2021-43618   | LOW      | 1:6.1.2-10.el8     |               | gmp: Integer overflow and resultant     |
|                        |                  |          |                    |               | buffer overflow via crafted input       |
|                        |                  |          |                    |               | -->avd.aquasec.com/nvd/cve-2021-43618   |
+------------------------+------------------+          +--------------------+---------------+-----------------------------------------+
| gnupg2                 | CVE-2022-3219    |          | 2.2.20-3.el8_6     |               | gnupg: denial of service                |
|                        |                  |          |                    |               | issue (resource consumption)            |
|                        |                  |          |                    |               | using compressed packets                |
|                        |                  |          |                    |               | -->avd.aquasec.com/nvd/cve-2022-3219    |
+------------------------+------------------+          +--------------------+---------------+-----------------------------------------+
| gnutls                 | CVE-2021-4209    |          | 3.6.16-5.el8_6     |               | GnuTLS: Null pointer                    |
|                        |                  |          |                    |               | dereference in MD_UPDATE                |
|                        |                  |          |                    |               | -->avd.aquasec.com/nvd/cve-2021-4209    |
+------------------------+------------------+----------+--------------------+---------------+-----------------------------------------+
| krb5-libs              | CVE-2020-17049   | MEDIUM   | 1.18.2-21.el8      |               | Kerberos: delegation                    |
|                        |                  |          |                    |               | constrain bypass in S4U2Proxy           |
|                        |                  |          |                    |               | -->avd.aquasec.com/nvd/cve-2020-17049   |
+                        +------------------+          +                    +---------------+-----------------------------------------+
|                        | CVE-2022-42898   |          |                    |               | krb5: integer overflow                  |
|                        |                  |          |                    |               | vulnerabilities in PAC parsing          |
|                        |                  |          |                    |               | -->avd.aquasec.com/nvd/cve-2022-42898   |
+------------------------+------------------+          +--------------------+---------------+-----------------------------------------+
| libarchive             | CVE-2020-21674   |          | 3.3.3-4.el8        |               | libarchive: heap-based                  |
|                        |                  |          |                    |               | buffer overflow in                      |
|                        |                  |          |                    |               | archive_string_append_from_wcs          |
|                        |                  |          |                    |               | function in archive_string.c            |
|                        |                  |          |                    |               | -->avd.aquasec.com/nvd/cve-2020-21674   |
+                        +------------------+----------+                    +---------------+-----------------------------------------+
|                        | CVE-2017-14166   | LOW      |                    |               | libarchive: Heap-based buffer           |
|                        |                  |          |                    |               | over-read in the atol8 function         |
|                        |                  |          |                    |               | -->avd.aquasec.com/nvd/cve-2017-14166   |
+                        +------------------+          +                    +---------------+-----------------------------------------+
|                        | CVE-2017-14501   |          |                    |               | libarchive: Out-of-bounds               |
|                        |                  |          |                    |               | read in parse_file_info                 |
|                        |                  |          |                    |               | -->avd.aquasec.com/nvd/cve-2017-14501   |
+                        +------------------+          +                    +---------------+-----------------------------------------+
|                        | CVE-2018-1000879 |          |                    |               | libarchive: NULL pointer dereference in |
|                        |                  |          |                    |               | ACL parser resulting in a denial of...  |
|                        |                  |          |                    |               | -->avd.aquasec.com/nvd/cve-2018-1000879 |
+                        +------------------+          +                    +---------------+-----------------------------------------+
|                        | CVE-2018-1000880 |          |                    |               | libarchive: Improper input              |
|                        |                  |          |                    |               | validation in WARC parser               |
|                        |                  |          |                    |               | resulting in a denial of...             |
|                        |                  |          |                    |               | -->avd.aquasec.com/nvd/cve-2018-1000880 |
+------------------------+------------------+          +--------------------+---------------+-----------------------------------------+
| libcurl                | CVE-2022-35252   |          | 7.61.1-25.el8      |               | curl: control code in                   |
|                        |                  |          |                    |               | cookie denial of service                |
|                        |                  |          |                    |               | -->avd.aquasec.com/nvd/cve-2022-35252   |
+------------------------+------------------+----------+--------------------+---------------+-----------------------------------------+
| libgcc                 | CVE-2021-42694   | MEDIUM   | 8.5.0-15.el8       |               | Developer environment:                  |
|                        |                  |          |                    |               | Homoglyph characters can                |
|                        |                  |          |                    |               | lead to trojan source attack            |
|                        |                  |          |                    |               | -->avd.aquasec.com/nvd/cve-2021-42694   |
+                        +------------------+----------+                    +---------------+-----------------------------------------+
|                        | CVE-2018-20657   | LOW      |                    |               | libiberty: Memory leak in               |
|                        |                  |          |                    |               | demangle_template function              |
|                        |                  |          |                    |               | resulting in a denial of service...     |
|                        |                  |          |                    |               | -->avd.aquasec.com/nvd/cve-2018-20657   |
+                        +------------------+          +                    +---------------+-----------------------------------------+
|                        | CVE-2019-14250   |          |                    |               | binutils: integer overflow in           |
|                        |                  |          |                    |               | simple-object-elf.c leads to            |
|                        |                  |          |                    |               | a heap-based buffer overflow            |
|                        |                  |          |                    |               | -->avd.aquasec.com/nvd/cve-2019-14250   |
+                        +------------------+          +                    +---------------+-----------------------------------------+
|                        | CVE-2022-27943   |          |                    |               | binutils: libiberty/rust-demangle.c     |
|                        |                  |          |                    |               | in GNU GCC 11.2 allows stack            |
|                        |                  |          |                    |               | exhaustion in demangle_const            |
|                        |                  |          |                    |               | -->avd.aquasec.com/nvd/cve-2022-27943   |
+------------------------+------------------+----------+--------------------+---------------+-----------------------------------------+
| libgcrypt              | CVE-2019-12904   | MEDIUM   | 1.8.5-7.el8_6      |               | Libgcrypt: physical addresses           |
|                        |                  |          |                    |               | being available to other processes      |
|                        |                  |          |                    |               | leads to a flush-and-reload...          |
|                        |                  |          |                    |               | -->avd.aquasec.com/nvd/cve-2019-12904   |
+------------------------+------------------+----------+--------------------+---------------+-----------------------------------------+
| libsolv                | CVE-2021-44568   | LOW      | 0.7.20-3.el8       |               | libsolv: heap-overflows in              |
|                        |                  |          |                    |               | resolve_dependencies function           |
|                        |                  |          |                    |               | -->avd.aquasec.com/nvd/cve-2021-44568   |
+------------------------+------------------+----------+--------------------+---------------+-----------------------------------------+
| libstdc++              | CVE-2021-42694   | MEDIUM   | 8.5.0-15.el8       |               | Developer environment:                  |
|                        |                  |          |                    |               | Homoglyph characters can                |
|                        |                  |          |                    |               | lead to trojan source attack            |
|                        |                  |          |                    |               | -->avd.aquasec.com/nvd/cve-2021-42694   |
+                        +------------------+----------+                    +---------------+-----------------------------------------+
|                        | CVE-2018-20657   | LOW      |                    |               | libiberty: Memory leak in               |
|                        |                  |          |                    |               | demangle_template function              |
|                        |                  |          |                    |               | resulting in a denial of service...     |
|                        |                  |          |                    |               | -->avd.aquasec.com/nvd/cve-2018-20657   |
+                        +------------------+          +                    +---------------+-----------------------------------------+
|                        | CVE-2019-14250   |          |                    |               | binutils: integer overflow in           |
|                        |                  |          |                    |               | simple-object-elf.c leads to            |
|                        |                  |          |                    |               | a heap-based buffer overflow            |
|                        |                  |          |                    |               | -->avd.aquasec.com/nvd/cve-2019-14250   |
+                        +------------------+          +                    +---------------+-----------------------------------------+
|                        | CVE-2022-27943   |          |                    |               | binutils: libiberty/rust-demangle.c     |
|                        |                  |          |                    |               | in GNU GCC 11.2 allows stack            |
|                        |                  |          |                    |               | exhaustion in demangle_const            |
|                        |                  |          |                    |               | -->avd.aquasec.com/nvd/cve-2022-27943   |
+------------------------+------------------+----------+--------------------+---------------+-----------------------------------------+
| libtasn1               | CVE-2021-46848   | MEDIUM   | 4.13-3.el8         |               | libtasn1: Out-of-bound                  |
|                        |                  |          |                    |               | access in ETYPE_OK                      |
|                        |                  |          |                    |               | -->avd.aquasec.com/nvd/cve-2021-46848   |
+                        +------------------+----------+                    +---------------+-----------------------------------------+
|                        | CVE-2018-1000654 | LOW      |                    |               | libtasn1: Infinite loop in              |
|                        |                  |          |                    |               | _asn1_expand_object_id(ptree)           |
|                        |                  |          |                    |               | leads to memory exhaustion              |
|                        |                  |          |                    |               | -->avd.aquasec.com/nvd/cve-2018-1000654 |
+------------------------+------------------+----------+--------------------+---------------+-----------------------------------------+
| libxml2                | CVE-2022-40303   | MEDIUM   | 2.9.7-15.el8       |               | libxml2: integer overflows              |
|                        |                  |          |                    |               | with XML_PARSE_HUGE                     |
|                        |                  |          |                    |               | -->avd.aquasec.com/nvd/cve-2022-40303   |
+                        +------------------+          +                    +---------------+-----------------------------------------+
|                        | CVE-2022-40304   |          |                    |               | libxml2: dict corruption caused         |
|                        |                  |          |                    |               | by entity reference cycles              |
|                        |                  |          |                    |               | -->avd.aquasec.com/nvd/cve-2022-40304   |
+------------------------+------------------+----------+--------------------+---------------+-----------------------------------------+
| libzstd                | CVE-2021-24032   | LOW      | 1.4.4-1.el8        |               | zstd: Race condition                    |
|                        |                  |          |                    |               | allows attacker to access               |
|                        |                  |          |                    |               | world-readable destination file         |
|                        |                  |          |                    |               | -->avd.aquasec.com/nvd/cve-2021-24032   |
+------------------------+------------------+----------+--------------------+---------------+-----------------------------------------+
| lz4-libs               | CVE-2019-17543   | MEDIUM   | 1.8.3-3.el8_4      |               | lz4: heap-based buffer                  |
|                        |                  |          |                    |               | overflow in LZ4_write32                 |
|                        |                  |          |                    |               | -->avd.aquasec.com/nvd/cve-2019-17543   |
+------------------------+------------------+          +--------------------+---------------+-----------------------------------------+
| ncurses-base           | CVE-2021-39537   |          | 6.1-9.20180224.el8 |               | ncurses: heap-based buffer overflow     |
|                        |                  |          |                    |               | in _nc_captoinfo() in captoinfo.c       |
|                        |                  |          |                    |               | -->avd.aquasec.com/nvd/cve-2021-39537   |
+                        +------------------+----------+                    +---------------+-----------------------------------------+
|                        | CVE-2018-19211   | LOW      |                    |               | ncurses: Null pointer                   |
|                        |                  |          |                    |               | dereference at function                 |
|                        |                  |          |                    |               | _nc_parse_entry in parse_entry.c        |
|                        |                  |          |                    |               | -->avd.aquasec.com/nvd/cve-2018-19211   |
+                        +------------------+          +                    +---------------+-----------------------------------------+
|                        | CVE-2018-19217   |          |                    |               | ncurses: Null pointer dereference       |
|                        |                  |          |                    |               | at function _nc_name_match              |
|                        |                  |          |                    |               | -->avd.aquasec.com/nvd/cve-2018-19217   |
+------------------------+------------------+----------+                    +---------------+-----------------------------------------+
| ncurses-libs           | CVE-2021-39537   | MEDIUM   |                    |               | ncurses: heap-based buffer overflow     |
|                        |                  |          |                    |               | in _nc_captoinfo() in captoinfo.c       |
|                        |                  |          |                    |               | -->avd.aquasec.com/nvd/cve-2021-39537   |
+                        +------------------+----------+                    +---------------+-----------------------------------------+
|                        | CVE-2018-19211   | LOW      |                    |               | ncurses: Null pointer                   |
|                        |                  |          |                    |               | dereference at function                 |
|                        |                  |          |                    |               | _nc_parse_entry in parse_entry.c        |
|                        |                  |          |                    |               | -->avd.aquasec.com/nvd/cve-2018-19211   |
+                        +------------------+          +                    +---------------+-----------------------------------------+
|                        | CVE-2018-19217   |          |                    |               | ncurses: Null pointer dereference       |
|                        |                  |          |                    |               | at function _nc_name_match              |
|                        |                  |          |                    |               | -->avd.aquasec.com/nvd/cve-2018-19217   |
+------------------------+------------------+----------+--------------------+---------------+-----------------------------------------+
| rpm                    | CVE-2021-35937   | MEDIUM   | 4.14.3-24.el8_7    |               | rpm: TOCTOU race in                     |
|                        |                  |          |                    |               | checks for unsafe symlinks              |
|                        |                  |          |                    |               | -->avd.aquasec.com/nvd/cve-2021-35937   |
+                        +------------------+          +                    +---------------+-----------------------------------------+
|                        | CVE-2021-35938   |          |                    |               | rpm: races with                         |
|                        |                  |          |                    |               | chown/chmod/capabilities                |
|                        |                  |          |                    |               | calls during installation               |
|                        |                  |          |                    |               | -->avd.aquasec.com/nvd/cve-2021-35938   |
+                        +------------------+          +                    +---------------+-----------------------------------------+
|                        | CVE-2021-35939   |          |                    |               | rpm: checks for unsafe                  |
|                        |                  |          |                    |               | symlinks are not performed              |
|                        |                  |          |                    |               | for intermediary directories            |
|                        |                  |          |                    |               | -->avd.aquasec.com/nvd/cve-2021-35939   |
+------------------------+------------------+          +                    +---------------+-----------------------------------------+
| rpm-libs               | CVE-2021-35937   |          |                    |               | rpm: TOCTOU race in                     |
|                        |                  |          |                    |               | checks for unsafe symlinks              |
|                        |                  |          |                    |               | -->avd.aquasec.com/nvd/cve-2021-35937   |
+                        +------------------+          +                    +---------------+-----------------------------------------+
|                        | CVE-2021-35938   |          |                    |               | rpm: races with                         |
|                        |                  |          |                    |               | chown/chmod/capabilities                |
|                        |                  |          |                    |               | calls during installation               |
|                        |                  |          |                    |               | -->avd.aquasec.com/nvd/cve-2021-35938   |
+                        +------------------+          +                    +---------------+-----------------------------------------+
|                        | CVE-2021-35939   |          |                    |               | rpm: checks for unsafe                  |
|                        |                  |          |                    |               | symlinks are not performed              |
|                        |                  |          |                    |               | for intermediary directories            |
|                        |                  |          |                    |               | -->avd.aquasec.com/nvd/cve-2021-35939   |
+------------------------+------------------+          +--------------------+---------------+-----------------------------------------+
| sqlite-libs            | CVE-2022-35737   |          | 3.26.0-16.el8_6    |               | sqlite: an array-bounds overflow if     |
|                        |                  |          |                    |               | billions of bytes are used in a...      |
|                        |                  |          |                    |               | -->avd.aquasec.com/nvd/cve-2022-35737   |
+                        +------------------+----------+                    +---------------+-----------------------------------------+
|                        | CVE-2019-19244   | LOW      |                    |               | sqlite: allows a crash                  |
|                        |                  |          |                    |               | if a sub-select uses both               |
|                        |                  |          |                    |               | DISTINCT and window...                  |
|                        |                  |          |                    |               | -->avd.aquasec.com/nvd/cve-2019-19244   |
+                        +------------------+          +                    +---------------+-----------------------------------------+
|                        | CVE-2019-9936    |          |                    |               | sqlite: heap-based buffer               |
|                        |                  |          |                    |               | over-read in function                   |
|                        |                  |          |                    |               | fts5HashEntrySort in sqlite3.c          |
|                        |                  |          |                    |               | -->avd.aquasec.com/nvd/cve-2019-9936    |
+                        +------------------+          +                    +---------------+-----------------------------------------+
|                        | CVE-2019-9937    |          |                    |               | sqlite: null-pointer                    |
|                        |                  |          |                    |               | dereference in function                 |
|                        |                  |          |                    |               | fts5ChunkIterate in sqlite3.c           |
|                        |                  |          |                    |               | -->avd.aquasec.com/nvd/cve-2019-9937    |
+------------------------+------------------+----------+--------------------+---------------+-----------------------------------------+
| systemd-libs           | CVE-2018-20839   | MEDIUM   | 239-68.el8         |               | systemd: mishandling of the             |
|                        |                  |          |                    |               | current keyboard mode check             |
|                        |                  |          |                    |               | leading to passwords being...           |
|                        |                  |          |                    |               | -->avd.aquasec.com/nvd/cve-2018-20839   |
+                        +------------------+          +                    +---------------+-----------------------------------------+
|                        | CVE-2021-3997    |          |                    |               | systemd: Uncontrolled recursion in      |
|                        |                  |          |                    |               | systemd-tmpfiles when removing files    |
|                        |                  |          |                    |               | -->avd.aquasec.com/nvd/cve-2021-3997    |
+                        +------------------+          +                    +---------------+-----------------------------------------+
|                        | CVE-2022-3821    |          |                    |               | systemd: buffer overrun in              |
|                        |                  |          |                    |               | format_timespan() function.             |
|                        |                  |          |                    |               | -->avd.aquasec.com/nvd/cve-2022-3821    |
+------------------------+------------------+----------+--------------------+---------------+-----------------------------------------+
