2022-11-21T10:09:31.711Z	[34mINFO[0m	Need to update DB
2022-11-21T10:09:31.711Z	[34mINFO[0m	Downloading DB...
2022-11-21T10:09:38.993Z	[34mINFO[0m	Detected OS: redhat
2022-11-21T10:09:38.993Z	[34mINFO[0m	Detecting RHEL/CentOS vulnerabilities...
2022-11-21T10:09:39.009Z	[34mINFO[0m	Number of PL dependency files: 0

registry.redhat.io/ubi8/python-39 (redhat 8.7)
==============================================
Total: 8 (CRITICAL: 8)

+------------------------+------------------+----------+-------------------+---------------+-----------------------------------------+
|        LIBRARY         | VULNERABILITY ID | SEVERITY | INSTALLED VERSION | FIXED VERSION |                  TITLE                  |
+------------------------+------------------+----------+-------------------+---------------+-----------------------------------------+
| glibc                  | CVE-2019-1010022 | CRITICAL | 2.28-211.el8      |               | glibc: stack guard protection bypass    |
|                        |                  |          |                   |               | -->avd.aquasec.com/nvd/cve-2019-1010022 |
+------------------------+                  +          +                   +---------------+                                         +
| glibc-common           |                  |          |                   |               |                                         |
|                        |                  |          |                   |               |                                         |
+------------------------+                  +          +                   +---------------+                                         +
| glibc-devel            |                  |          |                   |               |                                         |
|                        |                  |          |                   |               |                                         |
+------------------------+                  +          +                   +---------------+                                         +
| glibc-gconv-extra      |                  |          |                   |               |                                         |
|                        |                  |          |                   |               |                                         |
+------------------------+                  +          +                   +---------------+                                         +
| glibc-headers          |                  |          |                   |               |                                         |
|                        |                  |          |                   |               |                                         |
+------------------------+                  +          +                   +---------------+                                         +
| glibc-langpack-en      |                  |          |                   |               |                                         |
|                        |                  |          |                   |               |                                         |
+------------------------+                  +          +                   +---------------+                                         +
| glibc-locale-source    |                  |          |                   |               |                                         |
|                        |                  |          |                   |               |                                         |
+------------------------+                  +          +                   +---------------+                                         +
| glibc-minimal-langpack |                  |          |                   |               |                                         |
|                        |                  |          |                   |               |                                         |
+------------------------+------------------+----------+-------------------+---------------+-----------------------------------------+
