
registry.redhat.io/ubi8/openjdk-11:1.14-6.1666624581 (redhat 8.6)
=================================================================
Total: 93 (UNKNOWN: 0, LOW: 48, MEDIUM: 44, HIGH: 1, CRITICAL: 0)

┌──────────────────────────┬──────────────────┬──────────┬────────────────────────────────────────┬─────────────────┬──────────────────────────────────────────────────────────────┐
│         Library          │  Vulnerability   │ Severity │           Installed Version            │  Fixed Version  │                            Title                             │
├──────────────────────────┼──────────────────┼──────────┼────────────────────────────────────────┼─────────────────┼──────────────────────────────────────────────────────────────┤
│ avahi-libs               │ CVE-2021-3468    │ MEDIUM   │ 0.7-20.el8                             │                 │ avahi: Local DoS by event-busy-loop from writing long lines  │
│                          │                  │          │                                        │                 │ to /run/avahi-daemon/socket                                  │
│                          │                  │          │                                        │                 │ https://avd.aquasec.com/nvd/cve-2021-3468                    │
│                          ├──────────────────┼──────────┤                                        ├─────────────────┼──────────────────────────────────────────────────────────────┤
│                          │ CVE-2017-6519    │ LOW      │                                        │                 │ avahi: Multicast DNS responds to unicast queries outside of  │
│                          │                  │          │                                        │                 │ local network                                                │
│                          │                  │          │                                        │                 │ https://avd.aquasec.com/nvd/cve-2017-6519                    │
├──────────────────────────┼──────────────────┼──────────┼────────────────────────────────────────┼─────────────────┼──────────────────────────────────────────────────────────────┤
│ bash                     │ CVE-2022-3715    │ MEDIUM   │ 4.4.20-4.el8_6                         │                 │ bash: a heap-buffer-overflow in valid_parameter_transform    │
│                          │                  │          │                                        │                 │ https://avd.aquasec.com/nvd/cve-2022-3715                    │
├──────────────────────────┼──────────────────┼──────────┼────────────────────────────────────────┼─────────────────┼──────────────────────────────────────────────────────────────┤
│ bzip2-libs               │ CVE-2019-12900   │ LOW      │ 1.0.6-26.el8                           │                 │ bzip2: out-of-bounds write in function BZ2_decompress        │
│                          │                  │          │                                        │                 │ https://avd.aquasec.com/nvd/cve-2019-12900                   │
├──────────────────────────┼──────────────────┤          ├────────────────────────────────────────┼─────────────────┼──────────────────────────────────────────────────────────────┤
│ cups-libs                │ CVE-2021-25317   │          │ 1:2.2.6-45.el8_6.2                     │                 │ cups: insecure permissions of /var/log/cups allows for       │
│                          │                  │          │                                        │                 │ symlink attacks                                              │
│                          │                  │          │                                        │                 │ https://avd.aquasec.com/nvd/cve-2021-25317                   │
├──────────────────────────┼──────────────────┤          ├────────────────────────────────────────┼─────────────────┼──────────────────────────────────────────────────────────────┤
│ curl                     │ CVE-2022-35252   │          │ 7.61.1-22.el8_6.4                      │                 │ curl: control code in cookie denial of service               │
│                          │                  │          │                                        │                 │ https://avd.aquasec.com/nvd/cve-2022-35252                   │
├──────────────────────────┼──────────────────┼──────────┼────────────────────────────────────────┼─────────────────┼──────────────────────────────────────────────────────────────┤
│ dbus-libs                │ CVE-2022-42010   │ MEDIUM   │ 1:1.12.8-18.el8_6.1                    │                 │ dbus: dbus-daemon crashes when receiving message with        │
│                          │                  │          │                                        │                 │ incorrectly nested parentheses and curly...                  │
│                          │                  │          │                                        │                 │ https://avd.aquasec.com/nvd/cve-2022-42010                   │
│                          ├──────────────────┤          │                                        ├─────────────────┼──────────────────────────────────────────────────────────────┤
│                          │ CVE-2022-42011   │          │                                        │                 │ dbus: dbus-daemon can be crashed by messages with array      │
│                          │                  │          │                                        │                 │ length inconsistent with...                                  │
│                          │                  │          │                                        │                 │ https://avd.aquasec.com/nvd/cve-2022-42011                   │
│                          ├──────────────────┤          │                                        ├─────────────────┼──────────────────────────────────────────────────────────────┤
│                          │ CVE-2022-42012   │          │                                        │                 │ dbus: `_dbus_marshal_byteswap` doesn't process fds in        │
│                          │                  │          │                                        │                 │ messages with "foreign" endianness correctly                 │
│                          │                  │          │                                        │                 │ https://avd.aquasec.com/nvd/cve-2022-42012                   │
│                          ├──────────────────┼──────────┤                                        ├─────────────────┼──────────────────────────────────────────────────────────────┤
│                          │ CVE-2020-35512   │ LOW      │                                        │                 │ dbus: users with the same numeric UID could lead to          │
│                          │                  │          │                                        │                 │ use-after-free and...                                        │
│                          │                  │          │                                        │                 │ https://avd.aquasec.com/nvd/cve-2020-35512                   │
├──────────────────────────┼──────────────────┤          ├────────────────────────────────────────┼─────────────────┼──────────────────────────────────────────────────────────────┤
│ expat                    │ CVE-2022-23990   │          │ 2.2.5-8.el8_6.3                        │                 │ expat: integer overflow in the doProlog function             │
│                          │                  │          │                                        │                 │ https://avd.aquasec.com/nvd/cve-2022-23990                   │
├──────────────────────────┼──────────────────┤          ├────────────────────────────────────────┼─────────────────┼──────────────────────────────────────────────────────────────┤
│ file-libs                │ CVE-2019-8905    │          │ 5.33-20.el8                            │                 │ file: stack-based buffer over-read in do_core_note in        │
│                          │                  │          │                                        │                 │ readelf.c                                                    │
│                          │                  │          │                                        │                 │ https://avd.aquasec.com/nvd/cve-2019-8905                    │
│                          ├──────────────────┤          │                                        ├─────────────────┼──────────────────────────────────────────────────────────────┤
│                          │ CVE-2019-8906    │          │                                        │                 │ file: out-of-bounds read in do_core_note in readelf.c        │
│                          │                  │          │                                        │                 │ https://avd.aquasec.com/nvd/cve-2019-8906                    │
├──────────────────────────┼──────────────────┼──────────┼────────────────────────────────────────┼─────────────────┼──────────────────────────────────────────────────────────────┤
│ freetype                 │ CVE-2022-27404   │ MEDIUM   │ 2.9.1-4.el8_3.1                        │ 2.9.1-9.el8     │ FreeType: Buffer overflow in sfnt_init_face                  │
│                          │                  │          │                                        │                 │ https://avd.aquasec.com/nvd/cve-2022-27404                   │
│                          ├──────────────────┤          │                                        │                 ├──────────────────────────────────────────────────────────────┤
│                          │ CVE-2022-27405   │          │                                        │                 │ FreeType: Segmentation violation via FNT_Size_Request        │
│                          │                  │          │                                        │                 │ https://avd.aquasec.com/nvd/cve-2022-27405                   │
│                          ├──────────────────┤          │                                        │                 ├──────────────────────────────────────────────────────────────┤
│                          │ CVE-2022-27406   │          │                                        │                 │ Freetype: Segmentation violation via FT_Request_Size         │
│                          │                  │          │                                        │                 │ https://avd.aquasec.com/nvd/cve-2022-27406                   │
├──────────────────────────┼──────────────────┼──────────┼────────────────────────────────────────┼─────────────────┼──────────────────────────────────────────────────────────────┤
│ glib2                    │ CVE-2018-16428   │ LOW      │ 2.56.4-158.el8                         │                 │ glib2: NULL pointer dereference in                           │
│                          │                  │          │                                        │                 │ g_markup_parse_context_end_parse() function in gmarkup.c     │
│                          │                  │          │                                        │                 │ https://avd.aquasec.com/nvd/cve-2018-16428                   │
├──────────────────────────┼──────────────────┤          ├────────────────────────────────────────┼─────────────────┼──────────────────────────────────────────────────────────────┤
│ gmp                      │ CVE-2021-43618   │          │ 1:6.1.2-10.el8                         │                 │ gmp: Integer overflow and resultant buffer overflow via      │
│                          │                  │          │                                        │                 │ crafted input                                                │
│                          │                  │          │                                        │                 │ https://avd.aquasec.com/nvd/cve-2021-43618                   │
├──────────────────────────┼──────────────────┤          ├────────────────────────────────────────┼─────────────────┼──────────────────────────────────────────────────────────────┤
│ gnupg2                   │ CVE-2022-3219    │          │ 2.2.20-3.el8_6                         │                 │ gnupg: denial of service issue (resource consumption) using  │
│                          │                  │          │                                        │                 │ compressed packets                                           │
│                          │                  │          │                                        │                 │ https://avd.aquasec.com/nvd/cve-2022-3219                    │
├──────────────────────────┼──────────────────┼──────────┼────────────────────────────────────────┼─────────────────┼──────────────────────────────────────────────────────────────┤
│ gnutls                   │ CVE-2022-2509    │ MEDIUM   │ 3.6.16-4.el8                           │ 3.6.16-5.el8_6  │ gnutls: Double free during gnutls_pkcs7_verify               │
│                          │                  │          │                                        │                 │ https://avd.aquasec.com/nvd/cve-2022-2509                    │
│                          ├──────────────────┼──────────┤                                        ├─────────────────┼──────────────────────────────────────────────────────────────┤
│                          │ CVE-2021-4209    │ LOW      │                                        │                 │ GnuTLS: Null pointer dereference in MD_UPDATE                │
│                          │                  │          │                                        │                 │ https://avd.aquasec.com/nvd/cve-2021-4209                    │
├──────────────────────────┼──────────────────┼──────────┼────────────────────────────────────────┼─────────────────┼──────────────────────────────────────────────────────────────┤
│ java-11-openjdk          │ CVE-2022-33068   │ MEDIUM   │ 1:11.0.17.0.8-2.el8_6                  │                 │ harfbuzz: integer overflow in the component                  │
│                          │                  │          │                                        │                 │ hb-ot-shape-fallback.cc                                      │
│                          │                  │          │                                        │                 │ https://avd.aquasec.com/nvd/cve-2022-33068                   │
│                          ├──────────────────┼──────────┤                                        ├─────────────────┼──────────────────────────────────────────────────────────────┤
│                          │ CVE-2022-3857    │ LOW      │                                        │                 │ libpng: Null pointer dereference leads to segmentation fault │
│                          │                  │          │                                        │                 │ https://avd.aquasec.com/nvd/cve-2022-3857                    │
├──────────────────────────┼──────────────────┼──────────┤                                        ├─────────────────┼──────────────────────────────────────────────────────────────┤
│ java-11-openjdk-devel    │ CVE-2022-33068   │ MEDIUM   │                                        │                 │ harfbuzz: integer overflow in the component                  │
│                          │                  │          │                                        │                 │ hb-ot-shape-fallback.cc                                      │
│                          │                  │          │                                        │                 │ https://avd.aquasec.com/nvd/cve-2022-33068                   │
│                          ├──────────────────┼──────────┤                                        ├─────────────────┼──────────────────────────────────────────────────────────────┤
│                          │ CVE-2022-3857    │ LOW      │                                        │                 │ libpng: Null pointer dereference leads to segmentation fault │
│                          │                  │          │                                        │                 │ https://avd.aquasec.com/nvd/cve-2022-3857                    │
├──────────────────────────┼──────────────────┼──────────┤                                        ├─────────────────┼──────────────────────────────────────────────────────────────┤
│ java-11-openjdk-headless │ CVE-2022-33068   │ MEDIUM   │                                        │                 │ harfbuzz: integer overflow in the component                  │
│                          │                  │          │                                        │                 │ hb-ot-shape-fallback.cc                                      │
│                          │                  │          │                                        │                 │ https://avd.aquasec.com/nvd/cve-2022-33068                   │
│                          ├──────────────────┼──────────┤                                        ├─────────────────┼──────────────────────────────────────────────────────────────┤
│                          │ CVE-2022-3857    │ LOW      │                                        │                 │ libpng: Null pointer dereference leads to segmentation fault │
│                          │                  │          │                                        │                 │ https://avd.aquasec.com/nvd/cve-2022-3857                    │
├──────────────────────────┼──────────────────┼──────────┼────────────────────────────────────────┼─────────────────┼──────────────────────────────────────────────────────────────┤
│ jsoup                    │ CVE-2021-37714   │ MEDIUM   │ 1.12.1-3.module+el8.6.0+13337+afcb49ec │                 │ jsoup: Crafted input may cause the jsoup HTML and XML parser │
│                          │                  │          │                                        │                 │ to...                                                        │
│                          │                  │          │                                        │                 │ https://avd.aquasec.com/nvd/cve-2021-37714                   │
│                          ├──────────────────┤          │                                        ├─────────────────┼──────────────────────────────────────────────────────────────┤
│                          │ CVE-2022-36033   │          │                                        │                 │ jsoup: The jsoup cleaner may incorrectly sanitize crafted    │
│                          │                  │          │                                        │                 │ XSS attempts if SafeList.preserveRelativeLinks...            │
│                          │                  │          │                                        │                 │ https://avd.aquasec.com/nvd/cve-2022-36033                   │
├──────────────────────────┼──────────────────┼──────────┼────────────────────────────────────────┼─────────────────┼──────────────────────────────────────────────────────────────┤
│ krb5-libs                │ CVE-2022-42898   │ HIGH     │ 1.18.2-14.el8                          │                 │ krb5: integer overflow vulnerabilities in PAC parsing        │
│                          │                  │          │                                        │                 │ https://avd.aquasec.com/nvd/cve-2022-42898                   │
│                          ├──────────────────┼──────────┤                                        ├─────────────────┼──────────────────────────────────────────────────────────────┤
│                          │ CVE-2020-17049   │ MEDIUM   │                                        │                 │ Kerberos: delegation constrain bypass in S4U2Proxy           │
│                          │                  │          │                                        │                 │ https://avd.aquasec.com/nvd/cve-2020-17049                   │
├──────────────────────────┼──────────────────┤          ├────────────────────────────────────────┼─────────────────┼──────────────────────────────────────────────────────────────┤
│ lcms2                    │ CVE-2018-16435   │          │ 2.9-2.el8                              │                 │ lcms2: Integer overflow in AllocateDataSet() in cmscgats.c   │
│                          │                  │          │                                        │                 │ leading to heap-based buffer overflow...                     │
│                          │                  │          │                                        │                 │ https://avd.aquasec.com/nvd/cve-2018-16435                   │
├──────────────────────────┼──────────────────┤          ├────────────────────────────────────────┼─────────────────┼──────────────────────────────────────────────────────────────┤
│ libarchive               │ CVE-2020-21674   │          │ 3.3.3-3.el8_5                          │                 │ libarchive: heap-based buffer overflow in                    │
│                          │                  │          │                                        │                 │ archive_string_append_from_wcs function in archive_string.c  │
│                          │                  │          │                                        │                 │ https://avd.aquasec.com/nvd/cve-2020-21674                   │
│                          ├──────────────────┼──────────┤                                        ├─────────────────┼──────────────────────────────────────────────────────────────┤
│                          │ CVE-2017-14166   │ LOW      │                                        │                 │ libarchive: Heap-based buffer over-read in the atol8         │
│                          │                  │          │                                        │                 │ function                                                     │
│                          │                  │          │                                        │                 │ https://avd.aquasec.com/nvd/cve-2017-14166                   │
│                          ├──────────────────┤          │                                        ├─────────────────┼──────────────────────────────────────────────────────────────┤
│                          │ CVE-2017-14501   │          │                                        │                 │ libarchive: Out-of-bounds read in parse_file_info            │
│                          │                  │          │                                        │                 │ https://avd.aquasec.com/nvd/cve-2017-14501                   │
│                          ├──────────────────┤          │                                        ├─────────────────┼──────────────────────────────────────────────────────────────┤
│                          │ CVE-2018-1000879 │          │                                        │                 │ libarchive: NULL pointer dereference in ACL parser resulting │
│                          │                  │          │                                        │                 │ in a denial of...                                            │
│                          │                  │          │                                        │                 │ https://avd.aquasec.com/nvd/cve-2018-1000879                 │
│                          ├──────────────────┤          │                                        ├─────────────────┼──────────────────────────────────────────────────────────────┤
│                          │ CVE-2018-1000880 │          │                                        │                 │ libarchive: Improper input validation in WARC parser         │
│                          │                  │          │                                        │                 │ resulting in a denial of...                                  │
│                          │                  │          │                                        │                 │ https://avd.aquasec.com/nvd/cve-2018-1000880                 │
├──────────────────────────┼──────────────────┼──────────┼────────────────────────────────────────┼─────────────────┼──────────────────────────────────────────────────────────────┤
│ libcom_err               │ CVE-2022-1304    │ MEDIUM   │ 1.45.6-4.el8                           │ 1.45.6-5.el8    │ e2fsprogs: out-of-bounds read/write via crafted filesystem   │
│                          │                  │          │                                        │                 │ https://avd.aquasec.com/nvd/cve-2022-1304                    │
├──────────────────────────┼──────────────────┼──────────┼────────────────────────────────────────┼─────────────────┼──────────────────────────────────────────────────────────────┤
│ libcurl                  │ CVE-2022-35252   │ LOW      │ 7.61.1-22.el8_6.4                      │                 │ curl: control code in cookie denial of service               │
│                          │                  │          │                                        │                 │ https://avd.aquasec.com/nvd/cve-2022-35252                   │
├──────────────────────────┼──────────────────┼──────────┼────────────────────────────────────────┼─────────────────┼──────────────────────────────────────────────────────────────┤
│ libgcc                   │ CVE-2021-42694   │ MEDIUM   │ 8.5.0-10.1.el8_6                       │                 │ Developer environment: Homoglyph characters can lead to      │
│                          │                  │          │                                        │                 │ trojan source attack                                         │
│                          │                  │          │                                        │                 │ https://avd.aquasec.com/nvd/cve-2021-42694                   │
│                          ├──────────────────┼──────────┤                                        ├─────────────────┼──────────────────────────────────────────────────────────────┤
│                          │ CVE-2018-20657   │ LOW      │                                        │                 │ libiberty: Memory leak in demangle_template function         │
│                          │                  │          │                                        │                 │ resulting in a denial of service...                          │
│                          │                  │          │                                        │                 │ https://avd.aquasec.com/nvd/cve-2018-20657                   │
│                          ├──────────────────┤          │                                        ├─────────────────┼──────────────────────────────────────────────────────────────┤
│                          │ CVE-2019-14250   │          │                                        │                 │ binutils: integer overflow in simple-object-elf.c leads to a │
│                          │                  │          │                                        │                 │ heap-based buffer overflow                                   │
│                          │                  │          │                                        │                 │ https://avd.aquasec.com/nvd/cve-2019-14250                   │
│                          ├──────────────────┤          │                                        ├─────────────────┼──────────────────────────────────────────────────────────────┤
│                          │ CVE-2022-27943   │          │                                        │                 │ binutils: libiberty/rust-demangle.c in GNU GCC 11.2 allows   │
│                          │                  │          │                                        │                 │ stack exhaustion in demangle_const                           │
│                          │                  │          │                                        │                 │ https://avd.aquasec.com/nvd/cve-2022-27943                   │
├──────────────────────────┼──────────────────┼──────────┼────────────────────────────────────────┼─────────────────┼──────────────────────────────────────────────────────────────┤
│ libgcrypt                │ CVE-2019-12904   │ MEDIUM   │ 1.8.5-7.el8_6                          │                 │ Libgcrypt: physical addresses being available to other       │
│                          │                  │          │                                        │                 │ processes leads to a flush-and-reload...                     │
│                          │                  │          │                                        │                 │ https://avd.aquasec.com/nvd/cve-2019-12904                   │
├──────────────────────────┼──────────────────┤          ├────────────────────────────────────────┼─────────────────┼──────────────────────────────────────────────────────────────┤
│ libjpeg-turbo            │ CVE-2019-2201    │          │ 1.5.3-12.el8                           │                 │ libjpeg-turbo: several integer overflows and subsequent      │
│                          │                  │          │                                        │                 │ segfaults when attempting to compress/decompress             │
│                          │                  │          │                                        │                 │ gigapixel...                                                 │
│                          │                  │          │                                        │                 │ https://avd.aquasec.com/nvd/cve-2019-2201                    │
│                          ├──────────────────┤          │                                        ├─────────────────┼──────────────────────────────────────────────────────────────┤
│                          │ CVE-2020-13790   │          │                                        │                 │ libjpeg-turbo: heap-based buffer over-read in get_rgb_row()  │
│                          │                  │          │                                        │                 │ in rdppm.c                                                   │
│                          │                  │          │                                        │                 │ https://avd.aquasec.com/nvd/cve-2020-13790                   │
│                          ├──────────────────┼──────────┤                                        ├─────────────────┼──────────────────────────────────────────────────────────────┤
│                          │ CVE-2020-35538   │ LOW      │                                        │                 │ libjpeg-turbo: Null pointer dereference in                   │
│                          │                  │          │                                        │                 │ jcopy_sample_rows() function                                 │
│                          │                  │          │                                        │                 │ https://avd.aquasec.com/nvd/cve-2020-35538                   │
├──────────────────────────┼──────────────────┤          ├────────────────────────────────────────┼─────────────────┼──────────────────────────────────────────────────────────────┤
│ libpng                   │ CVE-2019-7317    │          │ 2:1.6.34-5.el8                         │                 │ libpng: use-after-free in png_image_free in png.c            │
│                          │                  │          │                                        │                 │ https://avd.aquasec.com/nvd/cve-2019-7317                    │
│                          ├──────────────────┤          │                                        ├─────────────────┼──────────────────────────────────────────────────────────────┤
│                          │ CVE-2022-3857    │          │                                        │                 │ libpng: Null pointer dereference leads to segmentation fault │
│                          │                  │          │                                        │                 │ https://avd.aquasec.com/nvd/cve-2022-3857                    │
├──────────────────────────┼──────────────────┤          ├────────────────────────────────────────┼─────────────────┼──────────────────────────────────────────────────────────────┤
│ libsolv                  │ CVE-2021-44568   │          │ 0.7.20-1.el8                           │                 │ libsolv: heap-overflows in resolve_dependencies function     │
│                          │                  │          │                                        │                 │ https://avd.aquasec.com/nvd/cve-2021-44568                   │
├──────────────────────────┼──────────────────┼──────────┼────────────────────────────────────────┼─────────────────┼──────────────────────────────────────────────────────────────┤
│ libstdc++                │ CVE-2021-42694   │ MEDIUM   │ 8.5.0-10.1.el8_6                       │                 │ Developer environment: Homoglyph characters can lead to      │
│                          │                  │          │                                        │                 │ trojan source attack                                         │
│                          │                  │          │                                        │                 │ https://avd.aquasec.com/nvd/cve-2021-42694                   │
│                          ├──────────────────┼──────────┤                                        ├─────────────────┼──────────────────────────────────────────────────────────────┤
│                          │ CVE-2018-20657   │ LOW      │                                        │                 │ libiberty: Memory leak in demangle_template function         │
│                          │                  │          │                                        │                 │ resulting in a denial of service...                          │
│                          │                  │          │                                        │                 │ https://avd.aquasec.com/nvd/cve-2018-20657                   │
│                          ├──────────────────┤          │                                        ├─────────────────┼──────────────────────────────────────────────────────────────┤
│                          │ CVE-2019-14250   │          │                                        │                 │ binutils: integer overflow in simple-object-elf.c leads to a │
│                          │                  │          │                                        │                 │ heap-based buffer overflow                                   │
│                          │                  │          │                                        │                 │ https://avd.aquasec.com/nvd/cve-2019-14250                   │
│                          ├──────────────────┤          │                                        ├─────────────────┼──────────────────────────────────────────────────────────────┤
│                          │ CVE-2022-27943   │          │                                        │                 │ binutils: libiberty/rust-demangle.c in GNU GCC 11.2 allows   │
│                          │                  │          │                                        │                 │ stack exhaustion in demangle_const                           │
│                          │                  │          │                                        │                 │ https://avd.aquasec.com/nvd/cve-2022-27943                   │
├──────────────────────────┼──────────────────┼──────────┼────────────────────────────────────────┼─────────────────┼──────────────────────────────────────────────────────────────┤
│ libtasn1                 │ CVE-2021-46848   │ MEDIUM   │ 4.13-3.el8                             │                 │ libtasn1: Out-of-bound access in ETYPE_OK                    │
│                          │                  │          │                                        │                 │ https://avd.aquasec.com/nvd/cve-2021-46848                   │
│                          ├──────────────────┼──────────┤                                        ├─────────────────┼──────────────────────────────────────────────────────────────┤
│                          │ CVE-2018-1000654 │ LOW      │                                        │                 │ libtasn1: Infinite loop in _asn1_expand_object_id(ptree)     │
│                          │                  │          │                                        │                 │ leads to memory exhaustion                                   │
│                          │                  │          │                                        │                 │ https://avd.aquasec.com/nvd/cve-2018-1000654                 │
├──────────────────────────┼──────────────────┼──────────┼────────────────────────────────────────┼─────────────────┼──────────────────────────────────────────────────────────────┤
│ libxml2                  │ CVE-2016-3709    │ MEDIUM   │ 2.9.7-13.el8_6.1                       │ 2.9.7-15.el8    │ libxml2: Incorrect server side include parsing can lead to   │
│                          │                  │          │                                        │                 │ XSS                                                          │
│                          │                  │          │                                        │                 │ https://avd.aquasec.com/nvd/cve-2016-3709                    │
│                          ├──────────────────┤          │                                        ├─────────────────┼──────────────────────────────────────────────────────────────┤
│                          │ CVE-2022-40303   │          │                                        │                 │ libxml2: integer overflows with XML_PARSE_HUGE               │
│                          │                  │          │                                        │                 │ https://avd.aquasec.com/nvd/cve-2022-40303                   │
│                          ├──────────────────┤          │                                        ├─────────────────┼──────────────────────────────────────────────────────────────┤
│                          │ CVE-2022-40304   │          │                                        │                 │ libxml2: dict corruption caused by entity reference cycles   │
│                          │                  │          │                                        │                 │ https://avd.aquasec.com/nvd/cve-2022-40304                   │
├──────────────────────────┼──────────────────┼──────────┼────────────────────────────────────────┼─────────────────┼──────────────────────────────────────────────────────────────┤
│ libzstd                  │ CVE-2021-24032   │ LOW      │ 1.4.4-1.el8                            │                 │ zstd: Race condition allows attacker to access               │
│                          │                  │          │                                        │                 │ world-readable destination file                              │
│                          │                  │          │                                        │                 │ https://avd.aquasec.com/nvd/cve-2021-24032                   │
├──────────────────────────┼──────────────────┼──────────┼────────────────────────────────────────┼─────────────────┼──────────────────────────────────────────────────────────────┤
│ lz4-libs                 │ CVE-2019-17543   │ MEDIUM   │ 1.8.3-3.el8_4                          │                 │ lz4: heap-based buffer overflow in LZ4_write32               │
│                          │                  │          │                                        │                 │ https://avd.aquasec.com/nvd/cve-2019-17543                   │
├──────────────────────────┼──────────────────┤          ├────────────────────────────────────────┼─────────────────┼──────────────────────────────────────────────────────────────┤
│ ncurses-base             │ CVE-2021-39537   │          │ 6.1-9.20180224.el8                     │                 │ ncurses: heap-based buffer overflow in _nc_captoinfo() in    │
│                          │                  │          │                                        │                 │ captoinfo.c                                                  │
│                          │                  │          │                                        │                 │ https://avd.aquasec.com/nvd/cve-2021-39537                   │
│                          ├──────────────────┼──────────┤                                        ├─────────────────┼──────────────────────────────────────────────────────────────┤
│                          │ CVE-2018-19211   │ LOW      │                                        │                 │ ncurses: Null pointer dereference at function                │
│                          │                  │          │                                        │                 │ _nc_parse_entry in parse_entry.c                             │
│                          │                  │          │                                        │                 │ https://avd.aquasec.com/nvd/cve-2018-19211                   │
│                          ├──────────────────┤          │                                        ├─────────────────┼──────────────────────────────────────────────────────────────┤
│                          │ CVE-2018-19217   │          │                                        │                 │ ncurses: Null pointer dereference at function _nc_name_match │
│                          │                  │          │                                        │                 │ https://avd.aquasec.com/nvd/cve-2018-19217                   │
├──────────────────────────┼──────────────────┼──────────┤                                        ├─────────────────┼──────────────────────────────────────────────────────────────┤
│ ncurses-libs             │ CVE-2021-39537   │ MEDIUM   │                                        │                 │ ncurses: heap-based buffer overflow in _nc_captoinfo() in    │
│                          │                  │          │                                        │                 │ captoinfo.c                                                  │
│                          │                  │          │                                        │                 │ https://avd.aquasec.com/nvd/cve-2021-39537                   │
│                          ├──────────────────┼──────────┤                                        ├─────────────────┼──────────────────────────────────────────────────────────────┤
│                          │ CVE-2018-19211   │ LOW      │                                        │                 │ ncurses: Null pointer dereference at function                │
│                          │                  │          │                                        │                 │ _nc_parse_entry in parse_entry.c                             │
│                          │                  │          │                                        │                 │ https://avd.aquasec.com/nvd/cve-2018-19211                   │
│                          ├──────────────────┤          │                                        ├─────────────────┼──────────────────────────────────────────────────────────────┤
│                          │ CVE-2018-19217   │          │                                        │                 │ ncurses: Null pointer dereference at function _nc_name_match │
│                          │                  │          │                                        │                 │ https://avd.aquasec.com/nvd/cve-2018-19217                   │
├──────────────────────────┼──────────────────┤          ├────────────────────────────────────────┼─────────────────┼──────────────────────────────────────────────────────────────┤
│ nss                      │ CVE-2020-12413   │          │ 3.79.0-10.el8_6                        │                 │ nss: Information exposure when DH secret are reused across   │
│                          │                  │          │                                        │                 │ multiple TLS connections...                                  │
│                          │                  │          │                                        │                 │ https://avd.aquasec.com/nvd/cve-2020-12413                   │
├──────────────────────────┤                  │          │                                        ├─────────────────┤                                                              │
│ nss-softokn              │                  │          │                                        │                 │                                                              │
│                          │                  │          │                                        │                 │                                                              │
│                          │                  │          │                                        │                 │                                                              │
├──────────────────────────┤                  │          │                                        ├─────────────────┤                                                              │
│ nss-softokn-freebl       │                  │          │                                        │                 │                                                              │
│                          │                  │          │                                        │                 │                                                              │
│                          │                  │          │                                        │                 │                                                              │
├──────────────────────────┤                  │          │                                        ├─────────────────┤                                                              │
│ nss-sysinit              │                  │          │                                        │                 │                                                              │
│                          │                  │          │                                        │                 │                                                              │
│                          │                  │          │                                        │                 │                                                              │
├──────────────────────────┤                  │          │                                        ├─────────────────┤                                                              │
│ nss-util                 │                  │          │                                        │                 │                                                              │
│                          │                  │          │                                        │                 │                                                              │
│                          │                  │          │                                        │                 │                                                              │
├──────────────────────────┼──────────────────┤          ├────────────────────────────────────────┼─────────────────┼──────────────────────────────────────────────────────────────┤
│ python3-pip-wheel        │ CVE-2018-20225   │          │ 9.0.3-22.el8                           │                 │ python-pip: when --extra-index-url option is used and        │
│                          │                  │          │                                        │                 │ package does not already exist...                            │
│                          │                  │          │                                        │                 │ https://avd.aquasec.com/nvd/cve-2018-20225                   │
├──────────────────────────┼──────────────────┼──────────┼────────────────────────────────────────┼─────────────────┼──────────────────────────────────────────────────────────────┤
│ rpm                      │ CVE-2021-35937   │ MEDIUM   │ 4.14.3-23.el8                          │                 │ rpm: TOCTOU race in checks for unsafe symlinks               │
│                          │                  │          │                                        │                 │ https://avd.aquasec.com/nvd/cve-2021-35937                   │
│                          ├──────────────────┤          │                                        ├─────────────────┼──────────────────────────────────────────────────────────────┤
│                          │ CVE-2021-35938   │          │                                        │                 │ rpm: races with chown/chmod/capabilities calls during        │
│                          │                  │          │                                        │                 │ installation                                                 │
│                          │                  │          │                                        │                 │ https://avd.aquasec.com/nvd/cve-2021-35938                   │
│                          ├──────────────────┤          │                                        ├─────────────────┼──────────────────────────────────────────────────────────────┤
│                          │ CVE-2021-35939   │          │                                        │                 │ rpm: checks for unsafe symlinks are not performed for        │
│                          │                  │          │                                        │                 │ intermediary directories                                     │
│                          │                  │          │                                        │                 │ https://avd.aquasec.com/nvd/cve-2021-35939                   │
├──────────────────────────┼──────────────────┤          │                                        ├─────────────────┼──────────────────────────────────────────────────────────────┤
│ rpm-libs                 │ CVE-2021-35937   │          │                                        │                 │ rpm: TOCTOU race in checks for unsafe symlinks               │
│                          │                  │          │                                        │                 │ https://avd.aquasec.com/nvd/cve-2021-35937                   │
│                          ├──────────────────┤          │                                        ├─────────────────┼──────────────────────────────────────────────────────────────┤
│                          │ CVE-2021-35938   │          │                                        │                 │ rpm: races with chown/chmod/capabilities calls during        │
│                          │                  │          │                                        │                 │ installation                                                 │
│                          │                  │          │                                        │                 │ https://avd.aquasec.com/nvd/cve-2021-35938                   │
│                          ├──────────────────┤          │                                        ├─────────────────┼──────────────────────────────────────────────────────────────┤
│                          │ CVE-2021-35939   │          │                                        │                 │ rpm: checks for unsafe symlinks are not performed for        │
│                          │                  │          │                                        │                 │ intermediary directories                                     │
│                          │                  │          │                                        │                 │ https://avd.aquasec.com/nvd/cve-2021-35939                   │
├──────────────────────────┼──────────────────┤          ├────────────────────────────────────────┼─────────────────┼──────────────────────────────────────────────────────────────┤
│ rsync                    │ CVE-2022-37434   │          │ 3.1.3-14.el8_6.3                       │ 3.1.3-19.el8    │ zlib: heap-based buffer over-read and overflow in inflate()  │
│                          │                  │          │                                        │                 │ in inflate.c via a...                                        │
│                          │                  │          │                                        │                 │ https://avd.aquasec.com/nvd/cve-2022-37434                   │
├──────────────────────────┼──────────────────┤          ├────────────────────────────────────────┼─────────────────┼──────────────────────────────────────────────────────────────┤
│ sqlite-libs              │ CVE-2020-35527   │          │ 3.26.0-15.el8                          │ 3.26.0-16.el8_6 │ sqlite: Out of bounds access during table rename             │
│                          │                  │          │                                        │                 │ https://avd.aquasec.com/nvd/cve-2020-35527                   │
│                          ├──────────────────┤          │                                        ├─────────────────┼──────────────────────────────────────────────────────────────┤
│                          │ CVE-2022-35737   │          │                                        │                 │ sqlite: an array-bounds overflow if billions of bytes are    │
│                          │                  │          │                                        │                 │ used in a...                                                 │
│                          │                  │          │                                        │                 │ https://avd.aquasec.com/nvd/cve-2022-35737                   │
│                          ├──────────────────┼──────────┤                                        ├─────────────────┼──────────────────────────────────────────────────────────────┤
│                          │ CVE-2019-19244   │ LOW      │                                        │                 │ sqlite: allows a crash if a sub-select uses both DISTINCT    │
│                          │                  │          │                                        │                 │ and window...                                                │
│                          │                  │          │                                        │                 │ https://avd.aquasec.com/nvd/cve-2019-19244                   │
│                          ├──────────────────┤          │                                        ├─────────────────┼──────────────────────────────────────────────────────────────┤
│                          │ CVE-2019-9936    │          │                                        │                 │ sqlite: heap-based buffer over-read in function              │
│                          │                  │          │                                        │                 │ fts5HashEntrySort in sqlite3.c                               │
│                          │                  │          │                                        │                 │ https://avd.aquasec.com/nvd/cve-2019-9936                    │
│                          ├──────────────────┤          │                                        ├─────────────────┼──────────────────────────────────────────────────────────────┤
│                          │ CVE-2019-9937    │          │                                        │                 │ sqlite: null-pointer dereference in function                 │
│                          │                  │          │                                        │                 │ fts5ChunkIterate in sqlite3.c                                │
│                          │                  │          │                                        │                 │ https://avd.aquasec.com/nvd/cve-2019-9937                    │
│                          ├──────────────────┤          │                                        ├─────────────────┼──────────────────────────────────────────────────────────────┤
│                          │ CVE-2020-35525   │          │                                        │ 3.26.0-16.el8_6 │ sqlite: Null pointer derreference in src/select.c            │
│                          │                  │          │                                        │                 │ https://avd.aquasec.com/nvd/cve-2020-35525                   │
├──────────────────────────┼──────────────────┼──────────┼────────────────────────────────────────┼─────────────────┼──────────────────────────────────────────────────────────────┤
│ systemd-libs             │ CVE-2018-20839   │ MEDIUM   │ 239-58.el8_6.7                         │                 │ systemd: mishandling of the current keyboard mode check      │
│                          │                  │          │                                        │                 │ leading to passwords being...                                │
│                          │                  │          │                                        │                 │ https://avd.aquasec.com/nvd/cve-2018-20839                   │
│                          ├──────────────────┤          │                                        ├─────────────────┼──────────────────────────────────────────────────────────────┤
│                          │ CVE-2021-3997    │          │                                        │                 │ systemd: Uncontrolled recursion in systemd-tmpfiles when     │
│                          │                  │          │                                        │                 │ removing files                                               │
│                          │                  │          │                                        │                 │ https://avd.aquasec.com/nvd/cve-2021-3997                    │
│                          ├──────────────────┤          │                                        ├─────────────────┼──────────────────────────────────────────────────────────────┤
│                          │ CVE-2022-3821    │          │                                        │                 │ systemd: buffer overrun in format_timespan() function.       │
│                          │                  │          │                                        │                 │ https://avd.aquasec.com/nvd/cve-2022-3821                    │
├──────────────────────────┼──────────────────┤          ├────────────────────────────────────────┼─────────────────┼──────────────────────────────────────────────────────────────┤
│ tar                      │ CVE-2005-2541    │          │ 2:1.30-5.el8                           │                 │ tar: does not properly warn the user when extracting setuid  │
│                          │                  │          │                                        │                 │ or setgid...                                                 │
│                          │                  │          │                                        │                 │ https://avd.aquasec.com/nvd/cve-2005-2541                    │
│                          ├──────────────────┼──────────┤                                        ├─────────────────┼──────────────────────────────────────────────────────────────┤
│                          │ CVE-2019-9923    │ LOW      │                                        │                 │ tar: null-pointer dereference in pax_decode_header in        │
│                          │                  │          │                                        │                 │ sparse.c                                                     │
│                          │                  │          │                                        │                 │ https://avd.aquasec.com/nvd/cve-2019-9923                    │
│                          ├──────────────────┤          │                                        ├─────────────────┼──────────────────────────────────────────────────────────────┤
│                          │ CVE-2021-20193   │          │                                        │                 │ tar: Memory leak in read_header() in list.c                  │
│                          │                  │          │                                        │                 │ https://avd.aquasec.com/nvd/cve-2021-20193                   │
├──────────────────────────┼──────────────────┼──────────┼────────────────────────────────────────┼─────────────────┼──────────────────────────────────────────────────────────────┤
│ zlib                     │ CVE-2022-37434   │ MEDIUM   │ 1.2.11-18.el8_5                        │ 1.2.11-19.el8_6 │ zlib: heap-based buffer over-read and overflow in inflate()  │
│                          │                  │          │                                        │                 │ in inflate.c via a...                                        │
│                          │                  │          │                                        │                 │ https://avd.aquasec.com/nvd/cve-2022-37434                   │
└──────────────────────────┴──────────────────┴──────────┴────────────────────────────────────────┴─────────────────┴──────────────────────────────────────────────────────────────┘
